Release 9.1i - xst J.30
Copyright (c) 1995-2007 Xilinx, Inc.  All rights reserved.
--> Parameter TMPDIR set to ./xst/projnav.tmp
CPU : 0.00 / 0.08 s | Elapsed : 0.00 / 0.00 s
 
--> Parameter xsthdpdir set to ./xst
CPU : 0.00 / 0.08 s | Elapsed : 0.00 / 0.00 s
 
--> Reading design: core.prj

TABLE OF CONTENTS
  1) Synthesis Options Summary
  2) HDL Compilation
  3) Design Hierarchy Analysis
  4) HDL Analysis
  5) HDL Synthesis
     5.1) HDL Synthesis Report
  6) Advanced HDL Synthesis
     6.1) Advanced HDL Synthesis Report
  7) Low Level Synthesis
  8) Partition Report
  9) Final Report
     9.1) Device utilization summary
     9.2) Partition Resource Summary
     9.3) TIMING REPORT


=========================================================================
*                      Synthesis Options Summary                        *
=========================================================================
---- Source Parameters
Input File Name                    : "core.prj"
Input Format                       : mixed
Ignore Synthesis Constraint File   : NO

---- Target Parameters
Output File Name                   : "core"
Output Format                      : NGC
Target Device                      : xc3s50-5-pq208

---- Source Options
Top Module Name                    : core
Automatic FSM Extraction           : YES
FSM Encoding Algorithm             : Auto
Safe Implementation                : No
FSM Style                          : lut
RAM Extraction                     : Yes
RAM Style                          : Auto
ROM Extraction                     : Yes
Mux Style                          : Auto
Decoder Extraction                 : YES
Priority Encoder Extraction        : YES
Shift Register Extraction          : YES
Logical Shifter Extraction         : YES
XOR Collapsing                     : YES
ROM Style                          : Auto
Mux Extraction                     : YES
Resource Sharing                   : YES
Asynchronous To Synchronous        : NO
Multiplier Style                   : auto
Automatic Register Balancing       : No

---- Target Options
Add IO Buffers                     : YES
Global Maximum Fanout              : 500
Add Generic Clock Buffer(BUFG)     : 8
Register Duplication               : YES
Slice Packing                      : YES
Optimize Instantiated Primitives   : NO
Use Clock Enable                   : Yes
Use Synchronous Set                : Yes
Use Synchronous Reset              : Yes
Pack IO Registers into IOBs        : auto
Equivalent register Removal        : YES

---- General Options
Optimization Goal                  : Speed
Optimization Effort                : 1
Library Search Order               : core.lso
Keep Hierarchy                     : NO
RTL Output                         : Yes
Global Optimization                : AllClockNets
Read Cores                         : YES
Write Timing Constraints           : NO
Cross Clock Analysis               : NO
Hierarchy Separator                : /
Bus Delimiter                      : <>
Case Specifier                     : maintain
Slice Utilization Ratio            : 100
BRAM Utilization Ratio             : 100
Verilog 2001                       : YES
Auto BRAM Packing                  : NO
Slice Utilization Ratio Delta      : 5

=========================================================================


=========================================================================
*                          HDL Compilation                              *
=========================================================================
WARNING:HDLParsers:3607 - Unit work/core is now defined in a different file.  It was defined in "Z:/l61/core.vhd", and is now defined in "//vboxsvr/shared/l61/core.vhd".
WARNING:HDLParsers:3607 - Unit work/core/Behavioral is now defined in a different file.  It was defined in "Z:/l61/core.vhd", and is now defined in "//vboxsvr/shared/l61/core.vhd".
Compiling vhdl file "//vboxsvr/shared/l61/core.vhd" in Library work.
Entity <core> compiled.
Entity <core> (Architecture <behavioral>) compiled.

=========================================================================
*                     Design Hierarchy Analysis                         *
=========================================================================
Analyzing hierarchy for entity <core> in library <work> (architecture <behavioral>) with generics.
	no_of_states = 7
	no_of_threads = 3
	x_volume = 4
	y_volume = 5
	ye_volume = 2


=========================================================================
*                            HDL Analysis                               *
=========================================================================
Analyzing generic Entity <core> in library <work> (Architecture <behavioral>).
	no_of_threads = 3
	x_volume = 4
	no_of_states = 7
	y_volume = 5
	ye_volume = 2
Entity <core> analyzed. Unit <core> generated.


=========================================================================
*                           HDL Synthesis                               *
=========================================================================

Performing bidirectional port resolution...

Synthesizing Unit <core>.
    Related source file is "//vboxsvr/shared/l61/core.vhd".
WARNING:Xst:1306 - Output <yf6> is never assigned.
WARNING:Xst:653 - Signal <syk<4>> is used but never assigned. Tied to value 0.
WARNING:Xst:646 - Signal <se> is assigned but never used.
WARNING:Xst:653 - Signal <sy<4>> is used but never assigned. Tied to value 0.
    Found 7-bit register for signal <s>.
    Found 1-bit register for signal <ssb>.
    Found 2-bit register for signal <sse>.
    Found 3-bit register for signal <ssk>.
    Found 4-bit register for signal <sy<3:0>>.
    Found 2-bit register for signal <sye>.
    Found 4-bit register for signal <syk<3:0>>.
    Summary:
	inferred  23 D-type flip-flop(s).
Unit <core> synthesized.


=========================================================================
HDL Synthesis Report

Macro Statistics
# Registers                                            : 23
 1-bit register                                        : 23

=========================================================================

=========================================================================
*                       Advanced HDL Synthesis                          *
=========================================================================

Loading device for application Rf_Device from file '3s50.nph' in environment E:\Xilinx.

=========================================================================
Advanced HDL Synthesis Report

Macro Statistics
# Registers                                            : 23
 Flip-Flops                                            : 23

=========================================================================

=========================================================================
*                         Low Level Synthesis                           *
=========================================================================

Optimizing unit <core> ...

Mapping all equations...
Building and optimizing final netlist ...
Found area constraint ratio of 100 (+ 5) on block core, actual ratio is 1.

Final Macro Processing ...

=========================================================================
Final Register Report

Macro Statistics
# Registers                                            : 23
 Flip-Flops                                            : 23

=========================================================================

=========================================================================
*                          Partition Report                             *
=========================================================================

Partition Implementation Status
-------------------------------

  No Partitions were found in this design.

-------------------------------

=========================================================================
*                            Final Report                               *
=========================================================================
Final Results
RTL Top Level Output File Name     : core.ngr
Top Level Output File Name         : core
Output Format                      : NGC
Optimization Goal                  : Speed
Keep Hierarchy                     : NO

Design Statistics
# IOs                              : 18

Cell Usage :
# BELS                             : 9
#      GND                         : 1
#      LUT2                        : 3
#      LUT3                        : 3
#      LUT4                        : 2
# FlipFlops/Latches                : 23
#      FD                          : 13
#      FDR                         : 1
#      FDRS                        : 1
#      FDS                         : 3
#      FDSE                        : 5
# Clock Buffers                    : 1
#      BUFGP                       : 1
# IO Buffers                       : 16
#      IBUF                        : 4
#      OBUF                        : 12
=========================================================================

Device utilization summary:
---------------------------

Selected Device : 3s50pq208-5 

 Number of Slices:                      13  out of    768     1%  
 Number of Slice Flip Flops:            23  out of   1536     1%  
 Number of 4 input LUTs:                 8  out of   1536     0%  
 Number of IOs:                         18
 Number of bonded IOBs:                 17  out of    124    13%  
 Number of GCLKs:                        1  out of      8    12%  

---------------------------
Partition Resource Summary:
---------------------------

  No Partitions were found in this design.

---------------------------


=========================================================================
TIMING REPORT

NOTE: THESE TIMING NUMBERS ARE ONLY A SYNTHESIS ESTIMATE.
      FOR ACCURATE TIMING INFORMATION PLEASE REFER TO THE TRACE REPORT
      GENERATED AFTER PLACE-and-ROUTE.

Clock Information:
------------------
-----------------------------------+------------------------+-------+
Clock Signal                       | Clock buffer(FF name)  | Load  |
-----------------------------------+------------------------+-------+
clk                                | BUFGP                  | 23    |
-----------------------------------+------------------------+-------+

Asynchronous Control Signals Information:
----------------------------------------
No asynchronous control signals found in this design

Timing Summary:
---------------
Speed Grade: -5

   Minimum period: 2.355ns (Maximum Frequency: 424.547MHz)
   Minimum input arrival time before clock: 2.444ns
   Maximum output required time after clock: 6.216ns
   Maximum combinational path delay: No path found

Timing Detail:
--------------
All values displayed in nanoseconds (ns)

=========================================================================
Timing constraint: Default period analysis for Clock 'clk'
  Clock period: 2.355ns (frequency: 424.547MHz)
  Total number of paths / destination ports: 39 / 29
-------------------------------------------------------------------------
Delay:               2.355ns (Levels of Logic = 1)
  Source:            ssb (FF)
  Destination:       s_6 (FF)
  Source Clock:      clk rising
  Destination Clock: clk rising

  Data Path: ssb to s_6
                                Gate     Net
    Cell:in->out      fanout   Delay   Delay  Logical Name (Net Name)
    ----------------------------------------  ------------
     FD:C->Q               4   0.626   1.074  ssb (ssb)
     LUT4:I0->O            1   0.479   0.000  s_6_or00001 (s_6_or0000)
     FD:D                      0.176          s_6
    ----------------------------------------
    Total                      2.355ns (1.281ns logic, 1.074ns route)
                                       (54.4% logic, 45.6% route)

=========================================================================
Timing constraint: Default OFFSET IN BEFORE for Clock 'clk'
  Total number of paths / destination ports: 10 / 9
-------------------------------------------------------------------------
Offset:              2.444ns (Levels of Logic = 2)
  Source:            x<2> (PAD)
  Destination:       s_1 (FF)
  Destination Clock: clk rising

  Data Path: x<2> to s_1
                                Gate     Net
    Cell:in->out      fanout   Delay   Delay  Logical Name (Net Name)
    ----------------------------------------  ------------
     IBUF:I->O             4   0.715   1.074  x_2_IBUF (x_2_IBUF)
     LUT3:I0->O            1   0.479   0.000  s_1_or00001 (s_1_or0000)
     FD:D                      0.176          s_1
    ----------------------------------------
    Total                      2.444ns (1.370ns logic, 1.074ns route)
                                       (56.0% logic, 44.0% route)

=========================================================================
Timing constraint: Default OFFSET OUT AFTER for Clock 'clk'
  Total number of paths / destination ports: 10 / 10
-------------------------------------------------------------------------
Offset:              6.216ns (Levels of Logic = 1)
  Source:            sy_3 (FF)
  Destination:       y<3> (PAD)
  Source Clock:      clk rising

  Data Path: sy_3 to y<3>
                                Gate     Net
    Cell:in->out      fanout   Delay   Delay  Logical Name (Net Name)
    ----------------------------------------  ------------
     FD:C->Q               1   0.626   0.681  sy_3 (sy_3)
     OBUF:I->O                 4.909          y_3_OBUF (y<3>)
    ----------------------------------------
    Total                      6.216ns (5.535ns logic, 0.681ns route)
                                       (89.0% logic, 11.0% route)

=========================================================================
CPU : 1.40 / 1.48 s | Elapsed : 2.00 / 2.00 s
 
--> 

Total memory usage is 135820 kilobytes

Number of errors   :    0 (   0 filtered)
Number of warnings :    6 (   0 filtered)
Number of infos    :    0 (   0 filtered)

