MPASM  5.35                          TMR0.ASM   11-16-2016  10:57:43         PAGE  1


LOC  OBJECT CODE     LINE SOURCE TEXT
  VALUE

                      00001 ;**********************************************************************
                      00002 
                      00003 
                      00004         #include <p16F84.inc>        ; processor specific variable definitions
                      00001         LIST
                      00002 ; P16F84.INC  Standard Header File, Version 2.00    Microchip Technology, Inc.
Message[301]: MESSAGE: (Processor-header file mismatch.  Verify selected processor.)
                      00136         LIST
                      00005 
2007   3FF7           00006         __CONFIG   _CP_OFF & _WDT_ON & _PWRTE_ON & _RC_OSC
                      00007 
                      00008 ;таймер 0 без предделителя
                      00009 
                      00010 ;**********************************************************************
                      00011 RESET_VECTOR  CODE    0x000       ; processor reset vector
0000   2???           00012         goto start
                      00013         CODE    0x004
                      00014         ;goto m2
                      00015 MAIN    CODE
0000   1683           00016 start bsf STATUS, 5     ;банк памяти 01
0001   3038           00017         movlw 0x38
Message[302]: Register in operand not in bank 0.  Ensure that bank bits are correct.
0002   0081           00018         movwf OPTION_REG
Message[302]: Register in operand not in bank 0.  Ensure that bank bits are correct.
0003   1605           00019         bsf TRISA,4
0004   1283           00020         bcf STATUS, 5
0005   3020           00021         movlw 0x20
0006   008B           00022         movwf INTCON
0007   30F6           00023         movlw 0xF6
0008   0081           00024         movwf TMR0
0009   0000           00025 m1  NOP
000A   2???           00026         goto m1
3FF7                  00027         end
MPASM  5.35                          TMR0.ASM   11-16-2016  10:57:43         PAGE  2


SYMBOL TABLE
  LABEL                             VALUE 

C                                 00000000
DC                                00000001
EEADR                             00000009
EECON1                            00000088
EECON2                            00000089
EEDATA                            00000008
EEIE                              00000006
EEIF                              00000004
F                                 00000001
FSR                               00000004
GIE                               00000007
INDF                              00000000
INTCON                            0000000B
INTE                              00000004
INTEDG                            00000006
INTF                              00000001
IRP                               00000007
NOT_PD                            00000003
NOT_RBPU                          00000007
NOT_TO                            00000004
OPTION_REG                        00000081
PCL                               00000002
PCLATH                            0000000A
PORTA                             00000005
PORTB                             00000006
PS0                               00000000
PS1                               00000001
PS2                               00000002
PSA                               00000003
RBIE                              00000003
RBIF                              00000000
RD                                00000000
RP0                               00000005
RP1                               00000006
STATUS                            00000003
T0CS                              00000005
T0IE                              00000005
T0IF                              00000002
T0SE                              00000004
TMR0                              00000001
TRISA                             00000085
TRISB                             00000086
W                                 00000000
WR                                00000001
WREN                              00000002
WRERR                             00000003
Z                                 00000002
_CP_OFF                           00003FFF
_CP_ON                            0000000F
_HS_OSC                           00003FFE
_LP_OSC                           00003FFC
_PWRTE_OFF                        00003FFF
_PWRTE_ON                         00003FF7
MPASM  5.35                          TMR0.ASM   11-16-2016  10:57:43         PAGE  3


SYMBOL TABLE
  LABEL                             VALUE 

_RC_OSC                           00003FFF
_WDT_OFF                          00003FFB
_WDT_ON                           00003FFF
_XT_OSC                           00003FFD
__16F84A                          00000001
__DEBUG                           1
m1                                00000009
start                             00000000

Errors   :     0
Warnings :     0 reported,     0 suppressed
Messages :     3 reported,     0 suppressed

