Warning[203] E:\STUDY\INSTITUTEREP\SEMESTER_7\PROEKTIROVANIE_VSTRAYVAEMYH_SREDSTV\LABS\LAB1\SRC\SOURCE.ASM 18 : Found opcode in column 1. (movlw)
Warning[205] E:\STUDY\INSTITUTEREP\SEMESTER_7\PROEKTIROVANIE_VSTRAYVAEMYH_SREDSTV\LABS\LAB1\SRC\SOURCE.ASM 19 : Found directive in column 1. (banksel)
Warning[203] E:\STUDY\INSTITUTEREP\SEMESTER_7\PROEKTIROVANIE_VSTRAYVAEMYH_SREDSTV\LABS\LAB1\SRC\SOURCE.ASM 20 : Found opcode in column 1. (movwf)
Message[302] E:\STUDY\INSTITUTEREP\SEMESTER_7\PROEKTIROVANIE_VSTRAYVAEMYH_SREDSTV\LABS\LAB1\SRC\SOURCE.ASM 20 : Register in operand not in bank 0.  Ensure that bank bits are correct.
Warning[203] E:\STUDY\INSTITUTEREP\SEMESTER_7\PROEKTIROVANIE_VSTRAYVAEMYH_SREDSTV\LABS\LAB1\SRC\SOURCE.ASM 21 : Found opcode in column 1. (movlw)
Warning[203] E:\STUDY\INSTITUTEREP\SEMESTER_7\PROEKTIROVANIE_VSTRAYVAEMYH_SREDSTV\LABS\LAB1\SRC\SOURCE.ASM 22 : Found opcode in column 1. (movwf)
Message[302] E:\STUDY\INSTITUTEREP\SEMESTER_7\PROEKTIROVANIE_VSTRAYVAEMYH_SREDSTV\LABS\LAB1\SRC\SOURCE.ASM 22 : Register in operand not in bank 0.  Ensure that bank bits are correct.
Warning[205] E:\STUDY\INSTITUTEREP\SEMESTER_7\PROEKTIROVANIE_VSTRAYVAEMYH_SREDSTV\LABS\LAB1\SRC\SOURCE.ASM 23 : Found directive in column 1. (banksel)
Warning[203] E:\STUDY\INSTITUTEREP\SEMESTER_7\PROEKTIROVANIE_VSTRAYVAEMYH_SREDSTV\LABS\LAB1\SRC\SOURCE.ASM 24 : Found opcode in column 1. (movlw)
Warning[203] E:\STUDY\INSTITUTEREP\SEMESTER_7\PROEKTIROVANIE_VSTRAYVAEMYH_SREDSTV\LABS\LAB1\SRC\SOURCE.ASM 25 : Found opcode in column 1. (movwf)
Message[302] E:\STUDY\INSTITUTEREP\SEMESTER_7\PROEKTIROVANIE_VSTRAYVAEMYH_SREDSTV\LABS\LAB1\SRC\SOURCE.ASM 25 : Register in operand not in bank 0.  Ensure that bank bits are correct.
Warning[205] E:\STUDY\INSTITUTEREP\SEMESTER_7\PROEKTIROVANIE_VSTRAYVAEMYH_SREDSTV\LABS\LAB1\SRC\SOURCE.ASM 26 : Found directive in column 1. (banksel)
Warning[203] E:\STUDY\INSTITUTEREP\SEMESTER_7\PROEKTIROVANIE_VSTRAYVAEMYH_SREDSTV\LABS\LAB1\SRC\SOURCE.ASM 27 : Found opcode in column 1. (movwf)
Warning[203] E:\STUDY\INSTITUTEREP\SEMESTER_7\PROEKTIROVANIE_VSTRAYVAEMYH_SREDSTV\LABS\LAB1\SRC\SOURCE.ASM 30 : Found opcode in column 1. (bsf)
Warning[203] E:\STUDY\INSTITUTEREP\SEMESTER_7\PROEKTIROVANIE_VSTRAYVAEMYH_SREDSTV\LABS\LAB1\SRC\SOURCE.ASM 31 : Found opcode in column 1. (bsf)
Warning[203] E:\STUDY\INSTITUTEREP\SEMESTER_7\PROEKTIROVANIE_VSTRAYVAEMYH_SREDSTV\LABS\LAB1\SRC\SOURCE.ASM 32 : Found opcode in column 1. (bcf)
Warning[203] E:\STUDY\INSTITUTEREP\SEMESTER_7\PROEKTIROVANIE_VSTRAYVAEMYH_SREDSTV\LABS\LAB1\SRC\SOURCE.ASM 33 : Found opcode in column 1. (CLRWDT)
Warning[203] E:\STUDY\INSTITUTEREP\SEMESTER_7\PROEKTIROVANIE_VSTRAYVAEMYH_SREDSTV\LABS\LAB1\SRC\SOURCE.ASM 35 : Found opcode in column 1. (btfsc)
Warning[203] E:\STUDY\INSTITUTEREP\SEMESTER_7\PROEKTIROVANIE_VSTRAYVAEMYH_SREDSTV\LABS\LAB1\SRC\SOURCE.ASM 36 : Found opcode in column 1. (goto)
Warning[203] E:\STUDY\INSTITUTEREP\SEMESTER_7\PROEKTIROVANIE_VSTRAYVAEMYH_SREDSTV\LABS\LAB1\SRC\SOURCE.ASM 39 : Found opcode in column 1. (bcf)
Warning[203] E:\STUDY\INSTITUTEREP\SEMESTER_7\PROEKTIROVANIE_VSTRAYVAEMYH_SREDSTV\LABS\LAB1\SRC\SOURCE.ASM 40 : Found opcode in column 1. (bcf)
Warning[203] E:\STUDY\INSTITUTEREP\SEMESTER_7\PROEKTIROVANIE_VSTRAYVAEMYH_SREDSTV\LABS\LAB1\SRC\SOURCE.ASM 41 : Found opcode in column 1. (bsf)
Warning[203] E:\STUDY\INSTITUTEREP\SEMESTER_7\PROEKTIROVANIE_VSTRAYVAEMYH_SREDSTV\LABS\LAB1\SRC\SOURCE.ASM 43 : Found opcode in column 1. (btfsc)
Warning[203] E:\STUDY\INSTITUTEREP\SEMESTER_7\PROEKTIROVANIE_VSTRAYVAEMYH_SREDSTV\LABS\LAB1\SRC\SOURCE.ASM 44 : Found opcode in column 1. (goto)
Warning[203] E:\STUDY\INSTITUTEREP\SEMESTER_7\PROEKTIROVANIE_VSTRAYVAEMYH_SREDSTV\LABS\LAB1\SRC\SOURCE.ASM 45 : Found opcode in column 1. (goto)
Warning[205] E:\STUDY\INSTITUTEREP\SEMESTER_7\PROEKTIROVANIE_VSTRAYVAEMYH_SREDSTV\LABS\LAB1\SRC\SOURCE.ASM 46 : Found directive in column 1. (end)
