Release 9.1i - xst J.30
Copyright (c) 1995-2007 Xilinx, Inc.  All rights reserved.
--> Parameter TMPDIR set to ./xst/projnav.tmp
CPU : 0.00 / 0.07 s | Elapsed : 0.00 / 0.00 s
 
--> Parameter xsthdpdir set to ./xst
CPU : 0.00 / 0.07 s | Elapsed : 0.00 / 0.00 s
 
--> Reading design: list1.prj

TABLE OF CONTENTS
  1) Synthesis Options Summary
  2) HDL Compilation
  3) Design Hierarchy Analysis
  4) HDL Analysis
  5) HDL Synthesis
     5.1) HDL Synthesis Report
  6) Advanced HDL Synthesis
     6.1) Advanced HDL Synthesis Report
  7) Low Level Synthesis
  8) Partition Report
  9) Final Report

=========================================================================
*                      Synthesis Options Summary                        *
=========================================================================
---- Source Parameters
Input File Name                    : "list1.prj"
Input Format                       : mixed
Ignore Synthesis Constraint File   : NO

---- Target Parameters
Output File Name                   : "list1"
Output Format                      : NGC
Target Device                      : XC9500 CPLDs

---- Source Options
Top Module Name                    : list1
Automatic FSM Extraction           : YES
FSM Encoding Algorithm             : Auto
Safe Implementation                : No
Mux Extraction                     : YES
Resource Sharing                   : YES

---- Target Options
Add IO Buffers                     : YES
MACRO Preserve                     : YES
XOR Preserve                       : YES
Equivalent register Removal        : YES

---- General Options
Optimization Goal                  : Speed
Optimization Effort                : 1
Library Search Order               : list1.lso
Keep Hierarchy                     : YES
RTL Output                         : Yes
Hierarchy Separator                : /
Bus Delimiter                      : <>
Case Specifier                     : maintain
Verilog 2001                       : YES

---- Other Options
wysiwyg                            : NO

=========================================================================


=========================================================================
*                          HDL Compilation                              *
=========================================================================
Compiling vhdl file "C:/22VVP1/Lab1/list1.vhf" in Library work.
Entity <fd_mxilinx_list1> compiled.
Entity <fd_mxilinx_list1> (Architecture <behavioral>) compiled.
Entity <list1> compiled.
Entity <list1> (Architecture <behavioral>) compiled.

=========================================================================
*                     Design Hierarchy Analysis                         *
=========================================================================
Analyzing hierarchy for entity <list1> in library <work> (architecture <behavioral>).

Analyzing hierarchy for entity <FD_MXILINX_list1> in library <work> (architecture <behavioral>).


=========================================================================
*                            HDL Analysis                               *
=========================================================================
Analyzing Entity <list1> in library <work> (Architecture <behavioral>).
    Set user-defined property "HU_SET =  XLXI_6_0" for instance <XLXI_6> in unit <list1>.
Entity <list1> analyzed. Unit <list1> generated.

Analyzing Entity <FD_MXILINX_list1> in library <work> (Architecture <behavioral>).
Entity <FD_MXILINX_list1> analyzed. Unit <FD_MXILINX_list1> generated.


=========================================================================
*                           HDL Synthesis                               *
=========================================================================

Performing bidirectional port resolution...

Synthesizing Unit <FD_MXILINX_list1>.
    Related source file is "C:/22VVP1/Lab1/list1.vhf".
Unit <FD_MXILINX_list1> synthesized.


Synthesizing Unit <list1>.
    Related source file is "C:/22VVP1/Lab1/list1.vhf".
Unit <list1> synthesized.


=========================================================================
HDL Synthesis Report

Found no macro
=========================================================================

=========================================================================
*                       Advanced HDL Synthesis                          *
=========================================================================


=========================================================================
Advanced HDL Synthesis Report

Macro Statistics
# Registers                                            : 1
 Flip-Flops                                            : 1

=========================================================================

=========================================================================
*                         Low Level Synthesis                           *
=========================================================================

Optimizing unit <list1> ...

Optimizing unit <FD_MXILINX_list1> ...

=========================================================================
*                          Partition Report                             *
=========================================================================

Partition Implementation Status
-------------------------------

  No Partitions were found in this design.

-------------------------------

=========================================================================
*                            Final Report                               *
=========================================================================
Final Results
RTL Top Level Output File Name     : list1.ngr
Top Level Output File Name         : list1
Output Format                      : NGC
Optimization Goal                  : Speed
Keep Hierarchy                     : YES
Target Technology                  : XC9500 CPLDs
Macro Preserve                     : YES
XOR Preserve                       : YES
wysiwyg                            : NO

Design Statistics
# IOs                              : 5

Cell Usage :
# BELS                             : 2
#      GND                         : 1
#      OR3                         : 1
# FlipFlops/Latches                : 1
#      FDCP                        : 1
# IO Buffers                       : 5
#      IBUF                        : 4
#      OBUF                        : 1
# Others                           : 3
#      AND2B2                      : 1
#      AND3B1                      : 1
#      AND3B2                      : 1
=========================================================================
CPU : 0.87 / 0.94 s | Elapsed : 1.00 / 1.00 s
 
--> 

Total memory usage is 121368 kilobytes

Number of errors   :    0 (   0 filtered)
Number of warnings :    0 (   0 filtered)
Number of infos    :    0 (   0 filtered)

