MPASM  5.35                        SOURCE.ASM   9-26-2025  22:00:53         PAGE  1


LOC  OBJECT CODE     LINE SOURCE TEXT
  VALUE

                      00001     list        p=16f887        ; целевой микроконтроллер
                      00002     #include    <p16f887.inc>   ; определени€ регистров и констант дл€ PIC16F887
                      00001         LIST
                      00002 ; P16F887.INC  Standard Header File, Version 1.00    Microchip Technology, Inc.
                      00617         LIST
                      00003 
2007   23EC           00004     __CONFIG    _CONFIG1, _LVP_OFF&_FCMEN_OFF&_IESO_OFF&_BOR_ON&_CPD_OFF&_CP_OFF&_MCLRE_ON&_PWRTE_ON&_WD
                            T_ON&_INTRC_OSC_NOCLKOUT
2008   3EFF           00005     __CONFIG    _CONFIG2, _WRT_OFF & _BOR21V
                      00006 
                      00007 ; —егмент с пр€мым доступом - дл€ переменных, используемых в ISR (сохранение контекста)
                      00008 INT_VAR     UDATA_SHR
0000                  00009 w_temp      RES     1         ; временна€ €чейка дл€ сохранени€ W при входе в прерывание
0001                  00010 status_temp RES     1         ; временна€ €чейка дл€ сохранени€ STATUS
0002                  00011 pclath_temp RES     1         ; временна€ €чейка дл€ сохранени€ PCLATH
                      00012 
                      00013 ; ќбычный сегмент данных
                      00014 TEMP_VAR    UDATA
0000                  00015 count1      RES 2             ; двухбайтовый счЄтчик задержки (count1 и count1+1)
                      00016 
                      00017 ;**********************************************************************
                      00018 RESET_VECTOR    CODE    0x0000 ; вектор сброса
0000   30??           00019     movlw HIGH start          ; загрузить старшую часть адреса start в W
0001   008A           00020     movwf PCLATH              ; записать еЄ в PCLATH (нужно дл€ переходов >256)
0002   2???           00021     goto    start             ; переход на метку start
                      00022 
                      00023 INT_VECTOR      CODE    0x0004 ; вектор прерывани€
0004   00??           00024     movwf   w_temp            ; —охранить W в w_temp (W содержимое тер€етс€ при вызове ISR)
0005   0803           00025     movf    STATUS,w          ; загрузить STATUS в W
0006   00??           00026     movwf   status_temp       ; сохранить STATUS
0007   080A           00027     movf    PCLATH,w          ; загрузить PCLATH в W
0008   00??           00028     movwf   pclath_temp       ; сохранить PCLATH
                      00029 
0009   08??           00030     movf    pclath_temp,w     ; восстановить PCLATH из pclath_temp
000A   008A           00031     movwf   PCLATH
000B   08??           00032     movf    status_temp,w     ; восстановить STATUS
000C   0083           00033     movwf   STATUS
000D   0E??           00034     swapf   w_temp,f          ; мен€ет местами стар/млад нибблы w_temp и сохран€ет в w_temp
000E   0E??           00035     swapf   w_temp,w          ; затем помещает результат в W (восстанавливает W только частично/необычно
                            )
000F   0009           00036     retfie                    ; возврат из прерывани€ (восстанавливает GIE)
                      00037 
                      00038 MAIN_PROG       CODE
                      00039 
0000                  00040 start
0000   3000           00041         movlw 0x00
0001   1683 1303      00042         banksel TRISD               ; выбрать банк, содержащий TRISD
Message[302]: Register in operand not in bank 0.  Ensure that bank bits are correct.
0003   0088           00043         movwf TRISD                 ; TRISD = 0x00 -> порт D как выходы
                      00044         
0004   3001           00045         movlw 0x01                  ; новое начальное значение 0x01 (00000001)
0005   1283 1303      00046         banksel PORTD               ; выбрать банк PORTD
0007   0088           00047         movwf PORTD                 ; записать 0x01 PORTD 
MPASM  5.35                        SOURCE.ASM   9-26-2025  22:00:53         PAGE  2


LOC  OBJECT CODE     LINE SOURCE TEXT
  VALUE

                      00048 
0008                  00049 maincycle
0008   0064           00050     CLRWDT                     ; очистить сторожевой таймер (WDT)
0009                  00051 pause
0009   0B??           00052     decfsz count1,1            ; декремент младшего байта count1; если 0->skip следующую строчку
000A   2???           00053     goto pause                 ; если не равен нулю Ч возвращаемс€ в pause
000B   0B??           00054     decfsz count1+1,1          ; декремент старшего байта count1+1; если не ноль Ч goto pause
000C   2???           00055     goto pause                 ; (эта строка: по€вление Ч в коде; логика: при старшем не-нуле goto pause
                            )
                      00056         
                      00057 ; —двиг содержимого регистра влево без учета бита переноса
000D   0D08           00058     rlf PORTD,0                ; rotate left PORTD, результат записан обратно в PORTD (d = 0)
000E   0D88           00059     rlf PORTD,1                ; rotate left PORTD, результат записан в W (d = 1) Ч файл не изменитс€
                      00060         
000F   2???           00061     goto maincycle             ; бесконечный цикл
                      00062 
23EC 3EFF             00063   END
MPASM  5.35                        SOURCE.ASM   9-26-2025  22:00:53         PAGE  3


SYMBOL TABLE
  LABEL                             VALUE 

ABDEN                             00000000
ABDOVF                            00000007
ACKDT                             00000005
ACKEN                             00000004
ACKSTAT                           00000006
ADCON0                            0000001F
ADCON1                            0000009F
ADCS0                             00000006
ADCS1                             00000007
ADDEN                             00000003
ADFM                              00000007
ADIE                              00000006
ADIF                              00000006
ADON                              00000000
ADRESH                            0000001E
ADRESL                            0000009E
ANS0                              00000000
ANS1                              00000001
ANS10                             00000002
ANS11                             00000003
ANS12                             00000004
ANS13                             00000005
ANS2                              00000002
ANS3                              00000003
ANS4                              00000004
ANS5                              00000005
ANS6                              00000006
ANS7                              00000007
ANS8                              00000000
ANS9                              00000001
ANSEL                             00000188
ANSELH                            00000189
BAUDCTL                           00000187
BCLIE                             00000003
BCLIF                             00000003
BF                                00000000
BRG0                              00000000
BRG1                              00000001
BRG10                             00000002
BRG11                             00000003
BRG12                             00000004
BRG13                             00000005
BRG14                             00000006
BRG15                             00000007
BRG16                             00000003
BRG2                              00000002
BRG3                              00000003
BRG4                              00000004
BRG5                              00000005
BRG6                              00000006
BRG7                              00000007
BRG8                              00000000
BRG9                              00000001
MPASM  5.35                        SOURCE.ASM   9-26-2025  22:00:53         PAGE  4


SYMBOL TABLE
  LABEL                             VALUE 

BRGH                              00000002
C                                 00000000
C1CH0                             00000000
C1CH1                             00000001
C1IE                              00000005
C1IF                              00000005
C1OE                              00000005
C1ON                              00000007
C1OUT                             00000006
C1POL                             00000004
C1R                               00000002
C1RSEL                            00000005
C1SEN                             00000005
C2CH0                             00000000
C2CH1                             00000001
C2IE                              00000006
C2IF                              00000006
C2OE                              00000005
C2ON                              00000007
C2OUT                             00000006
C2POL                             00000004
C2R                               00000002
C2REN                             00000004
C2RSEL                            00000004
C2SYNC                            00000000
CCP1CON                           00000017
CCP1IE                            00000002
CCP1IF                            00000002
CCP1M0                            00000000
CCP1M1                            00000001
CCP1M2                            00000002
CCP1M3                            00000003
CCP1X                             00000005
CCP1Y                             00000004
CCP2CON                           0000001D
CCP2IE                            00000000
CCP2IF                            00000000
CCP2M0                            00000000
CCP2M1                            00000001
CCP2M2                            00000002
CCP2M3                            00000003
CCP2X                             00000005
CCP2Y                             00000004
CCPR1H                            00000016
CCPR1L                            00000015
CCPR2H                            0000001C
CCPR2L                            0000001B
CHS0                              00000002
CHS1                              00000003
CHS2                              00000004
CHS3                              00000005
CKE                               00000006
CKP                               00000004
MPASM  5.35                        SOURCE.ASM   9-26-2025  22:00:53         PAGE  5


SYMBOL TABLE
  LABEL                             VALUE 

CM1CON0                           00000107
CM2CON0                           00000108
CM2CON1                           00000109
CREN                              00000004
CSRC                              00000007
D                                 00000005
DATA_ADDRESS                      00000005
DC                                00000001
DC1B0                             00000004
DC1B1                             00000005
DC2B0                             00000004
DC2B1                             00000005
D_A                               00000005
ECCPAS                            0000009C
ECCPAS0                           00000004
ECCPAS1                           00000005
ECCPAS2                           00000006
ECCPASE                           00000007
EEADR                             0000010D
EEADRH                            0000010F
EECON1                            0000018C
EECON2                            0000018D
EEDAT                             0000010C
EEDATA                            0000010C
EEDATH                            0000010E
EEIE                              00000004
EEIF                              00000004
EEPGD                             00000007
F                                 00000001
FERR                              00000002
FSR                               00000004
FVREN                             00000000
GCEN                              00000007
GIE                               00000007
GO                                00000001
GO_DONE                           00000001
HTS                               00000002
I2C_DATA                          00000005
I2C_READ                          00000002
I2C_START                         00000003
I2C_STOP                          00000004
INDF                              00000000
INTCON                            0000000B
INTE                              00000004
INTEDG                            00000006
INTF                              00000001
IOCB                              00000096
IOCB0                             00000000
IOCB1                             00000001
IOCB2                             00000002
IOCB3                             00000003
IOCB4                             00000004
IOCB5                             00000005
MPASM  5.35                        SOURCE.ASM   9-26-2025  22:00:53         PAGE  6


SYMBOL TABLE
  LABEL                             VALUE 

IOCB6                             00000006
IOCB7                             00000007
IRCF0                             00000004
IRCF1                             00000005
IRCF2                             00000006
IRP                               00000007
LTS                               00000001
MC1OUT                            00000007
MC2OUT                            00000006
MSK                               00000093
NOT_A                             00000005
NOT_ADDRESS                       00000005
NOT_BO                            00000000
NOT_BOR                           00000000
NOT_DONE                          00000001
NOT_PD                            00000003
NOT_POR                           00000001
NOT_RBPU                          00000007
NOT_RC8                           00000006
NOT_T1SYNC                        00000002
NOT_TO                            00000004
NOT_TX8                           00000006
NOT_W                             00000002
NOT_WRITE                         00000002
OERR                              00000001
OPTION_REG                        00000081
OSCCON                            0000008F
OSCTUNE                           00000090
OSFIE                             00000007
OSFIF                             00000007
OSTS                              00000003
P                                 00000004
P1M0                              00000006
P1M1                              00000007
PCL                               00000002
PCLATH                            0000000A
PCON                              0000008E
PDC0                              00000000
PDC1                              00000001
PDC2                              00000002
PDC3                              00000003
PDC4                              00000004
PDC5                              00000005
PDC6                              00000006
PEIE                              00000006
PEN                               00000002
PIE1                              0000008C
PIE2                              0000008D
PIR1                              0000000C
PIR2                              0000000D
PORTA                             00000005
PORTB                             00000006
PORTC                             00000007
MPASM  5.35                        SOURCE.ASM   9-26-2025  22:00:53         PAGE  7


SYMBOL TABLE
  LABEL                             VALUE 

PORTD                             00000008
PORTE                             00000009
PR2                               00000092
PRSEN                             00000007
PS0                               00000000
PS1                               00000001
PS2                               00000002
PSA                               00000003
PSSAC0                            00000002
PSSAC1                            00000003
PSSBD0                            00000000
PSSBD1                            00000001
PSTRCON                           0000009D
PULSR                             00000002
PULSS                             00000003
PWM1CON                           0000009B
R                                 00000002
RBIE                              00000003
RBIF                              00000000
RC8_9                             00000006
RC9                               00000006
RCD8                              00000000
RCEN                              00000003
RCIDL                             00000006
RCIE                              00000005
RCIF                              00000005
RCREG                             0000001A
RCSTA                             00000018
RD                                00000000
READ_WRITE                        00000002
RP0                               00000005
RP1                               00000006
RSEN                              00000001
RX9                               00000006
RX9D                              00000000
R_W                               00000002
S                                 00000003
SBOREN                            00000004
SCKP                              00000004
SCS                               00000000
SEN                               00000000
SENDB                             00000003
SMP                               00000007
SPBRG                             00000099
SPBRGH                            0000009A
SPEN                              00000007
SR0                               00000006
SR1                               00000007
SRCON                             00000185
SREN                              00000005
SSPADD                            00000093
SSPBUF                            00000013
SSPCON                            00000014
MPASM  5.35                        SOURCE.ASM   9-26-2025  22:00:53         PAGE  8


SYMBOL TABLE
  LABEL                             VALUE 

SSPCON2                           00000091
SSPEN                             00000005
SSPIE                             00000003
SSPIF                             00000003
SSPM0                             00000000
SSPM1                             00000001
SSPM2                             00000002
SSPM3                             00000003
SSPMSK                            00000093
SSPOV                             00000006
SSPSTAT                           00000094
STATUS                            00000003
STRA                              00000000
STRB                              00000001
STRC                              00000002
STRD                              00000003
STRSYNC                           00000004
SWDTEN                            00000000
SYNC                              00000004
T0CS                              00000005
T0IE                              00000005
T0IF                              00000002
T0SE                              00000004
T1CKPS0                           00000004
T1CKPS1                           00000005
T1CON                             00000010
T1GIV                             00000007
T1GSS                             00000001
T1INSYNC                          00000002
T1OSCEN                           00000003
T1SYNC                            00000002
T2CKPS0                           00000000
T2CKPS1                           00000001
T2CON                             00000012
TMR0                              00000001
TMR0IE                            00000005
TMR0IF                            00000002
TMR1CS                            00000001
TMR1GE                            00000006
TMR1H                             0000000F
TMR1IE                            00000000
TMR1IF                            00000000
TMR1L                             0000000E
TMR1ON                            00000000
TMR2                              00000011
TMR2IE                            00000001
TMR2IF                            00000001
TMR2ON                            00000002
TOUTPS0                           00000003
TOUTPS1                           00000004
TOUTPS2                           00000005
TOUTPS3                           00000006
TRISA                             00000085
MPASM  5.35                        SOURCE.ASM   9-26-2025  22:00:53         PAGE  9


SYMBOL TABLE
  LABEL                             VALUE 

TRISB                             00000086
TRISC                             00000087
TRISD                             00000088
TRISE                             00000089
TRMT                              00000001
TUN0                              00000000
TUN1                              00000001
TUN2                              00000002
TUN3                              00000003
TUN4                              00000004
TX8_9                             00000006
TX9                               00000006
TX9D                              00000000
TXD8                              00000000
TXEN                              00000005
TXIE                              00000004
TXIF                              00000004
TXREG                             00000019
TXSTA                             00000098
UA                                00000001
ULPWUE                            00000005
ULPWUIE                           00000002
ULPWUIF                           00000002
VCFG0                             00000004
VCFG1                             00000005
VR0                               00000000
VR1                               00000001
VR2                               00000002
VR3                               00000003
VRCON                             00000097
VREN                              00000007
VROE                              00000006
VRR                               00000005
VRSS                              00000004
W                                 00000000
WCOL                              00000007
WDTCON                            00000105
WDTPS0                            00000001
WDTPS1                            00000002
WDTPS2                            00000003
WDTPS3                            00000004
WPUB                              00000095
WPUB0                             00000000
WPUB1                             00000001
WPUB2                             00000002
WPUB3                             00000003
WPUB4                             00000004
WPUB5                             00000005
WPUB6                             00000006
WPUB7                             00000007
WR                                00000001
WREN                              00000002
WRERR                             00000003
MPASM  5.35                        SOURCE.ASM   9-26-2025  22:00:53         PAGE 10


SYMBOL TABLE
  LABEL                             VALUE 

WUE                               00000001
Z                                 00000002
_BOR21V                           00003EFF
_BOR40V                           00003FFF
_BOR_NSLEEP                       00003EFF
_BOR_OFF                          00003CFF
_BOR_ON                           00003FFF
_BOR_SBODEN                       00003DFF
_CONFIG1                          00002007
_CONFIG2                          00002008
_CPD_OFF                          00003FFF
_CPD_ON                           00003F7F
_CP_OFF                           00003FFF
_CP_ON                            00003FBF
_DEBUG_OFF                        00003FFF
_DEBUG_ON                         00001FFF
_EC_OSC                           00003FFB
_EXTRC                            00003FFF
_EXTRCIO                          00003FFE
_EXTRC_OSC_CLKOUT                 00003FFF
_EXTRC_OSC_NOCLKOUT               00003FFE
_FCMEN_OFF                        000037FF
_FCMEN_ON                         00003FFF
_HS_OSC                           00003FFA
_IESO_OFF                         00003BFF
_IESO_ON                          00003FFF
_INTOSC                           00003FFD
_INTOSCIO                         00003FFC
_INTRC_OSC_CLKOUT                 00003FFD
_INTRC_OSC_NOCLKOUT               00003FFC
_LP_OSC                           00003FF8
_LVP_OFF                          00002FFF
_LVP_ON                           00003FFF
_MCLRE_OFF                        00003FDF
_MCLRE_ON                         00003FFF
_PWRTE_OFF                        00003FFF
_PWRTE_ON                         00003FEF
_WDT_OFF                          00003FF7
_WDT_ON                           00003FFF
_WRT_1FOURTH                      00003BFF
_WRT_256                          00003DFF
_WRT_HALF                         000039FF
_WRT_OFF                          00003FFF
_XT_OSC                           00003FF9
__16F887                          00000001
__DEBUG                           1
count1                            00000000
maincycle                         00000008
pause                             00000009
pclath_temp                       00000002
start                             00000000
status_temp                       00000001
w_temp                            00000000
MPASM  5.35                        SOURCE.ASM   9-26-2025  22:00:53         PAGE 11






Errors   :     0
Warnings :     0 reported,     0 suppressed
Messages :     1 reported,     0 suppressed

