MPASM  5.35                           PR1.ASM   12-13-2025  14:10:18         PAGE  1


LOC  OBJECT CODE     LINE SOURCE TEXT
  VALUE

                      00001         ; шим с выходом на втором разряде порта C
                      00002         ; таймер TMR2 считает число циклов выполнения команд (Fosc/4)
                      00003 
                      00004         list p=16F887          
                      00005         include "p16F887.inc"   ; подключаем определения регистров и констант
                      00001         LIST
                      00002 ; P16F887.INC  Standard Header File, Version 1.00    Microchip Technology, Inc.
                      00617         LIST
                      00006 
  00000020            00007 ct1     EQU 0x20              ; рабочая переменная: ct1 — счётчик повторений n
  00000021            00008 ct2     EQU 0x21              ; рабочая переменная: ct2 — текущая ширина импульса (Ti)
  00000022            00009 ct3     EQU 0x22              ; вспомогательная переменная
                      00010 
                      00011         org 0x00                ; вектор сброса — начало программы
0000   2???           00012          goto start             ; переход на метку start
                      00013         ;org 0x08              ; вектор прерываний
                      00014 
0001                  00015 start   
                      00016         ; загрузка начальной ширины Ti = 20 (0x14)
0001   3014           00017         movlw 0x14             ; W = 0x14 (20 десятич) — начальная длительность импульса
0002   00A1           00018         movwf ct2                  ; ct2 = 20 — сохраняем в рабочую переменную
0003   0095           00019         movwf CCPR1L           ; CCPR1L = 20 — младшая часть кода ширины для CCP (задаётся длительность)
                      00020 
                      00021         ; переключение банк/загрузка PR2: период T = 40 -> PR2 = 39 (0x27)
0004   1683           00022         bsf STATUS,5           ; установить бит RP0
0005   3027           00023         movlw 0x27             ; W = 0x27 (39). PR2 хранит (T ? 1), а не само T. PR2 + 1 = 40 = PR2 = 39
Message[302]: Register in operand not in bank 0.  Ensure that bank bits are correct.
0006   0092           00024         movwf PR2              ; PR2 = 39
                      00025 
                      00026         ; настраиваем порт RC2 как выход
Message[302]: Register in operand not in bank 0.  Ensure that bank bits are correct.
0007   1107           00027         bcf TRISC,2            ; TRISC<2>=0 -> RC2 как выход
                      00028 
                      00029         ; конфигурация порта D
0008   3008           00030         movlw 0x08             ; W = 0x08
Message[302]: Register in operand not in bank 0.  Ensure that bank bits are correct.
0009   0088           00031         movwf TRISD            ; TRISD = 0x08 -> на порту D бит3 как вход, остальные — выход
000A   1283           00032         bcf STATUS,5           ; сброс RP0 (возвращаем банк)
                      00033 
000B   1508           00034         bsf PORTD,2            ; установить PORTD<2> = 1
000C   1108           00035         bcf PORTD,2            ; сброс PORTD<2> = 0
000D   1508           00036         bsf PORTD,2            ; снова установить PORTD<2> = 1
                      00037 
                      00038         ; настройка таймера TMR2 и предделителя/постделителя
000E   3004           00039         movlw 0x04             ; W = 0x04 -> в T2CON: TMR2ON = 1, предделителя = 1:1, постделителя = 1:1
000F   0092           00040         movwf T2CON            ; запись в T2CON
                      00041         ; комментарий: бит2 = TMR2ON; биты 1..0 — предделителя; биты 6..3 — постделителя
                      00042 
                      00043         ; включаем CCP1 в режим ШИМ (1100b -> 0x0C)
0010   300C           00044         movlw 0x0c             ; W = 0x0C -> CCP1M3..0 = 1100 = ШИМ режим
0011   0097           00045         movwf CCP1CON          ; включаем ШИМ-модуль
                      00046 
                      00047 ; Начало цикла уменьшения ширины с шагом 1 после каждых n периодов
MPASM  5.35                           PR1.ASM   12-13-2025  14:10:18         PAGE  2


LOC  OBJECT CODE     LINE SOURCE TEXT
  VALUE

0012   3014           00048 m1      movlw 0x14            ; загрузить W = 0x14 (20) — повторно помещаем начальную ширину в ct2
0013   00A1           00049         movwf ct2              ; ct2 = 20
                      00050 
0014   0821           00051 m2      movf ct2,0            ; поместить ct2 в W для записи в регистр CCPR1L
0015   0095           00052         movwf CCPR1L           ; CCPR1L = ct2 — задаётся длительность импульса перед серией периодов
                      00053 
0016   3004           00054         movlw 0x04            ; W = 4 (n = 4 повторения)
0017   00A0           00055         movwf ct1             ; ct1 = n — число повторов текущей ширины
                      00056 
0018   0064           00057 loop clrwdt              ; clrwdt — сбрасываем сторожевой таймер
0019   1907           00058         btfsc PORTC,2         ; пропустить следующую инструкцию если бит в PORTC<2> = 0
001A   1408           00059         bsf  PORTD,0          ; если PORTC<2>] = 1 -> выполнить: установить PORTD<0] = 1
001B   1D07           00060         btfss PORTC,2         ; пропустить следующую инструкцию если бит в PORTC<2> = 1 (skip if set)
001C   1008           00061         bcf  PORTD,0          ; если PORTC<2>] = 0 -> выполнить: сбросить PORTD<0] = 0
001D   0BA0           00062         decfsz ct1,1          ; декрементируем ct1; если результат != 0 -> не пропускаем следующую инстр
                            укцию
001E   2???           00063         goto loop             ; пока ct1 != 0 — повторяем цикл (повторяем n раз)
                      00064 
                      00065         ;decfsz ct3,1        ; дополнительный счётчик не используется
                      00066         ;goto loop
                      00067 
001F   0BA1           00068         decfsz ct2,1          ; уменьшаем ct2 (ширину) на 1, если ct2 после декр. = 0 — пропускаем следу
                            ющий goto
0020   2???           00069         goto m2               ; если ct2 != 0 — возвращаемся к m2 и выдаём следующую серию из n периодов
                             с новой шириной
0021   2???           00070         goto m1               ; если ct2 == 0 (дошли до нуля), возвращаемся к m1 и повторяем процесс с н
                            ачальной шириной
                      00071 
                      00072         end                  
MPASM  5.35                           PR1.ASM   12-13-2025  14:10:18         PAGE  3


SYMBOL TABLE
  LABEL                             VALUE 

ABDEN                             00000000
ABDOVF                            00000007
ACKDT                             00000005
ACKEN                             00000004
ACKSTAT                           00000006
ADCON0                            0000001F
ADCON1                            0000009F
ADCS0                             00000006
ADCS1                             00000007
ADDEN                             00000003
ADFM                              00000007
ADIE                              00000006
ADIF                              00000006
ADON                              00000000
ADRESH                            0000001E
ADRESL                            0000009E
ANS0                              00000000
ANS1                              00000001
ANS10                             00000002
ANS11                             00000003
ANS12                             00000004
ANS13                             00000005
ANS2                              00000002
ANS3                              00000003
ANS4                              00000004
ANS5                              00000005
ANS6                              00000006
ANS7                              00000007
ANS8                              00000000
ANS9                              00000001
ANSEL                             00000188
ANSELH                            00000189
BAUDCTL                           00000187
BCLIE                             00000003
BCLIF                             00000003
BF                                00000000
BRG0                              00000000
BRG1                              00000001
BRG10                             00000002
BRG11                             00000003
BRG12                             00000004
BRG13                             00000005
BRG14                             00000006
BRG15                             00000007
BRG16                             00000003
BRG2                              00000002
BRG3                              00000003
BRG4                              00000004
BRG5                              00000005
BRG6                              00000006
BRG7                              00000007
BRG8                              00000000
BRG9                              00000001
MPASM  5.35                           PR1.ASM   12-13-2025  14:10:18         PAGE  4


SYMBOL TABLE
  LABEL                             VALUE 

BRGH                              00000002
C                                 00000000
C1CH0                             00000000
C1CH1                             00000001
C1IE                              00000005
C1IF                              00000005
C1OE                              00000005
C1ON                              00000007
C1OUT                             00000006
C1POL                             00000004
C1R                               00000002
C1RSEL                            00000005
C1SEN                             00000005
C2CH0                             00000000
C2CH1                             00000001
C2IE                              00000006
C2IF                              00000006
C2OE                              00000005
C2ON                              00000007
C2OUT                             00000006
C2POL                             00000004
C2R                               00000002
C2REN                             00000004
C2RSEL                            00000004
C2SYNC                            00000000
CCP1CON                           00000017
CCP1IE                            00000002
CCP1IF                            00000002
CCP1M0                            00000000
CCP1M1                            00000001
CCP1M2                            00000002
CCP1M3                            00000003
CCP1X                             00000005
CCP1Y                             00000004
CCP2CON                           0000001D
CCP2IE                            00000000
CCP2IF                            00000000
CCP2M0                            00000000
CCP2M1                            00000001
CCP2M2                            00000002
CCP2M3                            00000003
CCP2X                             00000005
CCP2Y                             00000004
CCPR1H                            00000016
CCPR1L                            00000015
CCPR2H                            0000001C
CCPR2L                            0000001B
CHS0                              00000002
CHS1                              00000003
CHS2                              00000004
CHS3                              00000005
CKE                               00000006
CKP                               00000004
MPASM  5.35                           PR1.ASM   12-13-2025  14:10:18         PAGE  5


SYMBOL TABLE
  LABEL                             VALUE 

CM1CON0                           00000107
CM2CON0                           00000108
CM2CON1                           00000109
CREN                              00000004
CSRC                              00000007
D                                 00000005
DATA_ADDRESS                      00000005
DC                                00000001
DC1B0                             00000004
DC1B1                             00000005
DC2B0                             00000004
DC2B1                             00000005
D_A                               00000005
ECCPAS                            0000009C
ECCPAS0                           00000004
ECCPAS1                           00000005
ECCPAS2                           00000006
ECCPASE                           00000007
EEADR                             0000010D
EEADRH                            0000010F
EECON1                            0000018C
EECON2                            0000018D
EEDAT                             0000010C
EEDATA                            0000010C
EEDATH                            0000010E
EEIE                              00000004
EEIF                              00000004
EEPGD                             00000007
F                                 00000001
FERR                              00000002
FSR                               00000004
FVREN                             00000000
GCEN                              00000007
GIE                               00000007
GO                                00000001
GO_DONE                           00000001
HTS                               00000002
I2C_DATA                          00000005
I2C_READ                          00000002
I2C_START                         00000003
I2C_STOP                          00000004
INDF                              00000000
INTCON                            0000000B
INTE                              00000004
INTEDG                            00000006
INTF                              00000001
IOCB                              00000096
IOCB0                             00000000
IOCB1                             00000001
IOCB2                             00000002
IOCB3                             00000003
IOCB4                             00000004
IOCB5                             00000005
MPASM  5.35                           PR1.ASM   12-13-2025  14:10:18         PAGE  6


SYMBOL TABLE
  LABEL                             VALUE 

IOCB6                             00000006
IOCB7                             00000007
IRCF0                             00000004
IRCF1                             00000005
IRCF2                             00000006
IRP                               00000007
LTS                               00000001
MC1OUT                            00000007
MC2OUT                            00000006
MSK                               00000093
NOT_A                             00000005
NOT_ADDRESS                       00000005
NOT_BO                            00000000
NOT_BOR                           00000000
NOT_DONE                          00000001
NOT_PD                            00000003
NOT_POR                           00000001
NOT_RBPU                          00000007
NOT_RC8                           00000006
NOT_T1SYNC                        00000002
NOT_TO                            00000004
NOT_TX8                           00000006
NOT_W                             00000002
NOT_WRITE                         00000002
OERR                              00000001
OPTION_REG                        00000081
OSCCON                            0000008F
OSCTUNE                           00000090
OSFIE                             00000007
OSFIF                             00000007
OSTS                              00000003
P                                 00000004
P1M0                              00000006
P1M1                              00000007
PCL                               00000002
PCLATH                            0000000A
PCON                              0000008E
PDC0                              00000000
PDC1                              00000001
PDC2                              00000002
PDC3                              00000003
PDC4                              00000004
PDC5                              00000005
PDC6                              00000006
PEIE                              00000006
PEN                               00000002
PIE1                              0000008C
PIE2                              0000008D
PIR1                              0000000C
PIR2                              0000000D
PORTA                             00000005
PORTB                             00000006
PORTC                             00000007
MPASM  5.35                           PR1.ASM   12-13-2025  14:10:18         PAGE  7


SYMBOL TABLE
  LABEL                             VALUE 

PORTD                             00000008
PORTE                             00000009
PR2                               00000092
PRSEN                             00000007
PS0                               00000000
PS1                               00000001
PS2                               00000002
PSA                               00000003
PSSAC0                            00000002
PSSAC1                            00000003
PSSBD0                            00000000
PSSBD1                            00000001
PSTRCON                           0000009D
PULSR                             00000002
PULSS                             00000003
PWM1CON                           0000009B
R                                 00000002
RBIE                              00000003
RBIF                              00000000
RC8_9                             00000006
RC9                               00000006
RCD8                              00000000
RCEN                              00000003
RCIDL                             00000006
RCIE                              00000005
RCIF                              00000005
RCREG                             0000001A
RCSTA                             00000018
RD                                00000000
READ_WRITE                        00000002
RP0                               00000005
RP1                               00000006
RSEN                              00000001
RX9                               00000006
RX9D                              00000000
R_W                               00000002
S                                 00000003
SBOREN                            00000004
SCKP                              00000004
SCS                               00000000
SEN                               00000000
SENDB                             00000003
SMP                               00000007
SPBRG                             00000099
SPBRGH                            0000009A
SPEN                              00000007
SR0                               00000006
SR1                               00000007
SRCON                             00000185
SREN                              00000005
SSPADD                            00000093
SSPBUF                            00000013
SSPCON                            00000014
MPASM  5.35                           PR1.ASM   12-13-2025  14:10:18         PAGE  8


SYMBOL TABLE
  LABEL                             VALUE 

SSPCON2                           00000091
SSPEN                             00000005
SSPIE                             00000003
SSPIF                             00000003
SSPM0                             00000000
SSPM1                             00000001
SSPM2                             00000002
SSPM3                             00000003
SSPMSK                            00000093
SSPOV                             00000006
SSPSTAT                           00000094
STATUS                            00000003
STRA                              00000000
STRB                              00000001
STRC                              00000002
STRD                              00000003
STRSYNC                           00000004
SWDTEN                            00000000
SYNC                              00000004
T0CS                              00000005
T0IE                              00000005
T0IF                              00000002
T0SE                              00000004
T1CKPS0                           00000004
T1CKPS1                           00000005
T1CON                             00000010
T1GIV                             00000007
T1GSS                             00000001
T1INSYNC                          00000002
T1OSCEN                           00000003
T1SYNC                            00000002
T2CKPS0                           00000000
T2CKPS1                           00000001
T2CON                             00000012
TMR0                              00000001
TMR0IE                            00000005
TMR0IF                            00000002
TMR1CS                            00000001
TMR1GE                            00000006
TMR1H                             0000000F
TMR1IE                            00000000
TMR1IF                            00000000
TMR1L                             0000000E
TMR1ON                            00000000
TMR2                              00000011
TMR2IE                            00000001
TMR2IF                            00000001
TMR2ON                            00000002
TOUTPS0                           00000003
TOUTPS1                           00000004
TOUTPS2                           00000005
TOUTPS3                           00000006
TRISA                             00000085
MPASM  5.35                           PR1.ASM   12-13-2025  14:10:18         PAGE  9


SYMBOL TABLE
  LABEL                             VALUE 

TRISB                             00000086
TRISC                             00000087
TRISD                             00000088
TRISE                             00000089
TRMT                              00000001
TUN0                              00000000
TUN1                              00000001
TUN2                              00000002
TUN3                              00000003
TUN4                              00000004
TX8_9                             00000006
TX9                               00000006
TX9D                              00000000
TXD8                              00000000
TXEN                              00000005
TXIE                              00000004
TXIF                              00000004
TXREG                             00000019
TXSTA                             00000098
UA                                00000001
ULPWUE                            00000005
ULPWUIE                           00000002
ULPWUIF                           00000002
VCFG0                             00000004
VCFG1                             00000005
VR0                               00000000
VR1                               00000001
VR2                               00000002
VR3                               00000003
VRCON                             00000097
VREN                              00000007
VROE                              00000006
VRR                               00000005
VRSS                              00000004
W                                 00000000
WCOL                              00000007
WDTCON                            00000105
WDTPS0                            00000001
WDTPS1                            00000002
WDTPS2                            00000003
WDTPS3                            00000004
WPUB                              00000095
WPUB0                             00000000
WPUB1                             00000001
WPUB2                             00000002
WPUB3                             00000003
WPUB4                             00000004
WPUB5                             00000005
WPUB6                             00000006
WPUB7                             00000007
WR                                00000001
WREN                              00000002
WRERR                             00000003
MPASM  5.35                           PR1.ASM   12-13-2025  14:10:18         PAGE 10


SYMBOL TABLE
  LABEL                             VALUE 

WUE                               00000001
Z                                 00000002
_BOR21V                           00003EFF
_BOR40V                           00003FFF
_BOR_NSLEEP                       00003EFF
_BOR_OFF                          00003CFF
_BOR_ON                           00003FFF
_BOR_SBODEN                       00003DFF
_CONFIG1                          00002007
_CONFIG2                          00002008
_CPD_OFF                          00003FFF
_CPD_ON                           00003F7F
_CP_OFF                           00003FFF
_CP_ON                            00003FBF
_DEBUG_OFF                        00003FFF
_DEBUG_ON                         00001FFF
_EC_OSC                           00003FFB
_EXTRC                            00003FFF
_EXTRCIO                          00003FFE
_EXTRC_OSC_CLKOUT                 00003FFF
_EXTRC_OSC_NOCLKOUT               00003FFE
_FCMEN_OFF                        000037FF
_FCMEN_ON                         00003FFF
_HS_OSC                           00003FFA
_IESO_OFF                         00003BFF
_IESO_ON                          00003FFF
_INTOSC                           00003FFD
_INTOSCIO                         00003FFC
_INTRC_OSC_CLKOUT                 00003FFD
_INTRC_OSC_NOCLKOUT               00003FFC
_LP_OSC                           00003FF8
_LVP_OFF                          00002FFF
_LVP_ON                           00003FFF
_MCLRE_OFF                        00003FDF
_MCLRE_ON                         00003FFF
_PWRTE_OFF                        00003FFF
_PWRTE_ON                         00003FEF
_WDT_OFF                          00003FF7
_WDT_ON                           00003FFF
_WRT_1FOURTH                      00003BFF
_WRT_256                          00003DFF
_WRT_HALF                         000039FF
_WRT_OFF                          00003FFF
_XT_OSC                           00003FF9
__16F887                          00000001
__DEBUG                           1
ct1                               00000020
ct2                               00000021
ct3                               00000022
loop                              00000018
m1                                00000012
m2                                00000014
start                             00000001
MPASM  5.35                           PR1.ASM   12-13-2025  14:10:18         PAGE 11






Errors   :     0
Warnings :     0 reported,     0 suppressed
Messages :     3 reported,     0 suppressed

